<?xml version="1.0" encoding="UTF-8"?>
<!-- Generated by org.testng.reporters.JUnitXMLReporter -->
<testsuite ignored="0" hostname="DESKTOP-U5B1BD3" failures="0" tests="3" name="Default test" time="0.112" errors="0" timestamp="2023-04-18T12:56:49 IST">
  <testcase classname="framework.test_implement_extend" name="newTest" time="0.016"/>
  <testcase classname="framework.test_implement_extend" name="secondTest" time="0.004"/>
  <testcase classname="framework.test_implement_extend" name="thirdstatus" time="0.005"/>
</testsuite> <!-- Default test -->
