<?xml version="1.0" encoding="UTF-8"?>
<testng-results ignored="0" total="3" passed="3" failed="0" skipped="0">
  <reporter-output>
  </reporter-output>
  <suite started-at="2023-04-18T12:56:49 IST" name="Default suite" finished-at="2023-04-18T12:56:49 IST" duration-ms="112">
    <groups>
    </groups>
    <test started-at="2023-04-18T12:56:49 IST" name="Default test" finished-at="2023-04-18T12:56:49 IST" duration-ms="112">
      <class name="framework.test_implement_extend">
        <test-method is-config="true" signature="beforesuit()[pri:0, instance:framework.test_implement_extend@6fdbe764]" started-at="2023-04-18T12:56:48 IST" name="beforesuit" finished-at="2023-04-18T12:56:49 IST" duration-ms="683" status="PASS">
          <reporter-output>
          </reporter-output>
        </test-method> <!-- beforesuit -->
        <test-method signature="newTest()[pri:1, instance:framework.test_implement_extend@6fdbe764]" started-at="2023-04-18T12:56:49 IST" name="newTest" finished-at="2023-04-18T12:56:49 IST" duration-ms="16" status="PASS">
          <reporter-output>
          </reporter-output>
        </test-method> <!-- newTest -->
        <test-method signature="secondTest()[pri:2, instance:framework.test_implement_extend@6fdbe764]" started-at="2023-04-18T12:56:49 IST" name="secondTest" finished-at="2023-04-18T12:56:49 IST" duration-ms="4" status="PASS">
          <reporter-output>
          </reporter-output>
        </test-method> <!-- secondTest -->
        <test-method signature="thirdstatus()[pri:3, instance:framework.test_implement_extend@6fdbe764]" started-at="2023-04-18T12:56:49 IST" name="thirdstatus" finished-at="2023-04-18T12:56:49 IST" duration-ms="5" status="PASS">
          <reporter-output>
          </reporter-output>
        </test-method> <!-- thirdstatus -->
        <test-method is-config="true" signature="aftersuit()[pri:0, instance:framework.test_implement_extend@6fdbe764]" started-at="2023-04-18T12:56:49 IST" name="aftersuit" finished-at="2023-04-18T12:56:50 IST" duration-ms="757" status="PASS">
          <reporter-output>
          </reporter-output>
        </test-method> <!-- aftersuit -->
      </class> <!-- framework.test_implement_extend -->
    </test> <!-- Default test -->
  </suite> <!-- Default suite -->
</testng-results>
